# JRE version: 7.0_11-b21
# Java VM: Java HotSpot(TM) 64-Bit Server VM (23.6-b04 mixed mode windows-amd64 compressed oops)
Heap
 PSYoungGen      total 88256K, used 8151K [0x00000000fa000000, 0x0000000100000000, 0x0000000100000000)
  eden space 80896K, 10% used [0x00000000fa000000,0x00000000fa7f5f30,0x00000000fef00000)
  from space 7360K, 0% used [0x00000000ff8d0000,0x00000000ff8d0000,0x0000000100000000)
  to   space 8704K, 0% used [0x00000000fef00000,0x00000000fef00000,0x00000000ff780000)
 ParOldGen       total 71104K, used 43962K [0x00000000e8000000, 0x00000000ec570000, 0x00000000fa000000)
  object space 71104K, 61% used [0x00000000e8000000,0x00000000eaaee9d0,0x00000000ec570000)
 PSPermGen       total 105280K, used 52474K [0x00000000e0000000, 0x00000000e66d0000, 0x00000000e8000000)
  object space 105280K, 49% used [0x00000000e0000000,0x00000000e333eb60,0x00000000e66d0000)
GC Heap History (10 events):
Event: 4.732 GC heap before
{Heap before GC invocations=17 (full 0):
 PSYoungGen      total 89920K, used 86905K [0x00000000fa000000, 0x00000000fff30000, 0x0000000100000000)
  eden space 83264K, 100% used [0x00000000fa000000,0x00000000ff150000,0x00000000ff150000)
  from space 6656K, 54% used [0x00000000ff8b0000,0x00000000ffc3e6f0,0x00000000fff30000)
  to   space 7104K, 0% used [0x00000000ff150000,0x00000000ff150000,0x00000000ff840000)
 ParOldGen       total 49152K, used 26948K [0x00000000e8000000, 0x00000000eb000000, 0x00000000fa000000)
  object space 49152K, 54% used [0x00000000e8000000,0x00000000e9a511a0,0x00000000eb000000)
 PSPermGen       total 45056K, used 44989K [0x00000000e0000000, 0x00000000e2c00000, 0x00000000e8000000)
  object space 45056K, 99% used [0x00000000e0000000,0x00000000e2bef5a8,0x00000000e2c00000)
Event: 4.737 GC heap after
Heap after GC invocations=17 (full 0):
 PSYoungGen      total 90368K, used 3259K [0x00000000fa000000, 0x00000000ffff0000, 0x0000000100000000)
  eden space 83264K, 0% used [0x00000000fa000000,0x00000000fa000000,0x00000000ff150000)
  from space 7104K, 45% used [0x00000000ff150000,0x00000000ff47ed08,0x00000000ff840000)
  to   space 6848K, 0% used [0x00000000ff940000,0x00000000ff940000,0x00000000ffff0000)
 ParOldGen       total 49152K, used 28120K [0x00000000e8000000, 0x00000000eb000000, 0x00000000fa000000)
  object space 49152K, 57% used [0x00000000e8000000,0x00000000e9b761d0,0x00000000eb000000)
 PSPermGen       total 45056K, used 44989K [0x00000000e0000000, 0x00000000e2c00000, 0x00000000e8000000)
  object space 45056K, 99% used [0x00000000e0000000,0x00000000e2bef5a8,0x00000000e2c00000)
}
Event: 5.548 GC heap before
{Heap before GC invocations=18 (full 0):
 PSYoungGen      total 90368K, used 86523K [0x00000000fa000000, 0x00000000ffff0000, 0x0000000100000000)
  eden space 83264K, 100% used [0x00000000fa000000,0x00000000ff150000,0x00000000ff150000)
  from space 7104K, 45% used [0x00000000ff150000,0x00000000ff47ed08,0x00000000ff840000)
  to   space 6848K, 0% used [0x00000000ff940000,0x00000000ff940000,0x00000000ffff0000)
 ParOldGen       total 49152K, used 28120K [0x00000000e8000000, 0x00000000eb000000, 0x00000000fa000000)
  object space 49152K, 57% used [0x00000000e8000000,0x00000000e9b761d0,0x00000000eb000000)
 PSPermGen       total 46784K, used 46740K [0x00000000e0000000, 0x00000000e2db0000, 0x00000000e8000000)
  object space 46784K, 99% used [0x00000000e0000000,0x00000000e2da50c8,0x00000000e2db0000)
Event: 5.555 GC heap after
Heap after GC invocations=18 (full 0):
 PSYoungGen      total 90496K, used 3728K [0x00000000fa000000, 0x00000000fff40000, 0x0000000100000000)
  eden space 84352K, 0% used [0x00000000fa000000,0x00000000fa000000,0x00000000ff260000)
  from space 6144K, 60% used [0x00000000ff940000,0x00000000ffce4228,0x00000000fff40000)
  to   space 6592K, 0% used [0x00000000ff260000,0x00000000ff260000,0x00000000ff8d0000)
 ParOldGen       total 49152K, used 36434K [0x00000000e8000000, 0x00000000eb000000, 0x00000000fa000000)
  object space 49152K, 74% used [0x00000000e8000000,0x00000000ea394888,0x00000000eb000000)
 PSPermGen       total 46784K, used 46740K [0x00000000e0000000, 0x00000000e2db0000, 0x00000000e8000000)
  object space 46784K, 99% used [0x00000000e0000000,0x00000000e2da50c8,0x00000000e2db0000)
}
Event: 6.665 GC heap before
{Heap before GC invocations=19 (full 0):
 PSYoungGen      total 90496K, used 88063K [0x00000000fa000000, 0x00000000fff40000, 0x0000000100000000)
  eden space 84352K, 99% used [0x00000000fa000000,0x00000000ff25bbe0,0x00000000ff260000)
  from space 6144K, 60% used [0x00000000ff940000,0x00000000ffce4228,0x00000000fff40000)
  to   space 6592K, 0% used [0x00000000ff260000,0x00000000ff260000,0x00000000ff8d0000)
 ParOldGen       total 49152K, used 36434K [0x00000000e8000000, 0x00000000eb000000, 0x00000000fa000000)
  object space 49152K, 74% used [0x00000000e8000000,0x00000000ea394888,0x00000000eb000000)
 PSPermGen       total 49280K, used 49272K [0x00000000e0000000, 0x00000000e3020000, 0x00000000e8000000)
  object space 49280K, 99% used [0x00000000e0000000,0x00000000e301e288,0x00000000e3020000)
Event: 6.673 GC heap after
Heap after GC invocations=19 (full 0):
 PSYoungGen      total 90944K, used 6567K [0x00000000fa000000, 0x0000000100000000, 0x0000000100000000)
  eden space 84352K, 0% used [0x00000000fa000000,0x00000000fa000000,0x00000000ff260000)
  from space 6592K, 99% used [0x00000000ff260000,0x00000000ff8c9d58,0x00000000ff8d0000)
  to   space 7360K, 0% used [0x00000000ff8d0000,0x00000000ff8d0000,0x0000000100000000)
 ParOldGen       total 49152K, used 39504K [0x00000000e8000000, 0x00000000eb000000, 0x00000000fa000000)
  object space 49152K, 80% used [0x00000000e8000000,0x00000000ea694398,0x00000000eb000000)
 PSPermGen       total 49280K, used 49272K [0x00000000e0000000, 0x00000000e3020000, 0x00000000e8000000)
  object space 49280K, 99% used [0x00000000e0000000,0x00000000e301e288,0x00000000e3020000)
}
Event: 7.144 GC heap before
{Heap before GC invocations=20 (full 0):
 PSYoungGen      total 90944K, used 90919K [0x00000000fa000000, 0x0000000100000000, 0x0000000100000000)
  eden space 84352K, 100% used [0x00000000fa000000,0x00000000ff260000,0x00000000ff260000)
  from space 6592K, 99% used [0x00000000ff260000,0x00000000ff8c9d58,0x00000000ff8d0000)
  to   space 7360K, 0% used [0x00000000ff8d0000,0x00000000ff8d0000,0x0000000100000000)
 ParOldGen       total 49152K, used 39504K [0x00000000e8000000, 0x00000000eb000000, 0x00000000fa000000)
  object space 49152K, 80% used [0x00000000e8000000,0x00000000ea694398,0x00000000eb000000)
 PSPermGen       total 52544K, used 52494K [0x00000000e0000000, 0x00000000e3350000, 0x00000000e8000000)
  object space 52544K, 99% used [0x00000000e0000000,0x00000000e33438e0,0x00000000e3350000)
Event: 7.155 GC heap after
Heap after GC invocations=20 (full 0):
 PSYoungGen      total 88256K, used 6050K [0x00000000fa000000, 0x0000000100000000, 0x0000000100000000)
  eden space 80896K, 0% used [0x00000000fa000000,0x00000000fa000000,0x00000000fef00000)
  from space 7360K, 82% used [0x00000000ff8d0000,0x00000000ffeb8a50,0x0000000100000000)
  to   space 8704K, 0% used [0x00000000fef00000,0x00000000fef00000,0x00000000ff780000)
 ParOldGen       total 49152K, used 45185K [0x00000000e8000000, 0x00000000eb000000, 0x00000000fa000000)
  object space 49152K, 91% used [0x00000000e8000000,0x00000000eac206c0,0x00000000eb000000)
 PSPermGen       total 52544K, used 52494K [0x00000000e0000000, 0x00000000e3350000, 0x00000000e8000000)
  object space 52544K, 99% used [0x00000000e0000000,0x00000000e33438e0,0x00000000e3350000)
}
Event: 7.155 GC heap before
{Heap before GC invocations=21 (full 1):
 PSYoungGen      total 88256K, used 6050K [0x00000000fa000000, 0x0000000100000000, 0x0000000100000000)
  eden space 80896K, 0% used [0x00000000fa000000,0x00000000fa000000,0x00000000fef00000)
  from space 7360K, 82% used [0x00000000ff8d0000,0x00000000ffeb8a50,0x0000000100000000)
  to   space 8704K, 0% used [0x00000000fef00000,0x00000000fef00000,0x00000000ff780000)
 ParOldGen       total 49152K, used 45185K [0x00000000e8000000, 0x00000000eb000000, 0x00000000fa000000)
  object space 49152K, 91% used [0x00000000e8000000,0x00000000eac206c0,0x00000000eb000000)
 PSPermGen       total 52544K, used 52494K [0x00000000e0000000, 0x00000000e3350000, 0x00000000e8000000)
  object space 52544K, 99% used [0x00000000e0000000,0x00000000e33438e0,0x00000000e3350000)
Event: 7.337 GC heap after
Heap after GC invocations=21 (full 1):
 PSYoungGen      total 88256K, used 0K [0x00000000fa000000, 0x0000000100000000, 0x0000000100000000)
  eden space 80896K, 0% used [0x00000000fa000000,0x00000000fa000000,0x00000000fef00000)
  from space 7360K, 0% used [0x00000000ff8d0000,0x00000000ff8d0000,0x0000000100000000)
  to   space 8704K, 0% used [0x00000000fef00000,0x00000000fef00000,0x00000000ff780000)
 ParOldGen       total 71104K, used 43962K [0x00000000e8000000, 0x00000000ec570000, 0x00000000fa000000)
  object space 71104K, 61% used [0x00000000e8000000,0x00000000eaaee9d0,0x00000000ec570000)
 PSPermGen       total 105280K, used 52474K [0x00000000e0000000, 0x00000000e66d0000, 0x00000000e8000000)
  object space 105280K, 49% used [0x00000000e0000000,0x00000000e333e970,0x00000000e66d0000)
}

